<?xml version="1.0" encoding="UTF-8"?>
<!-- Generated by org.testng.reporters.JUnitXMLReporter -->
<testsuite ignored="1" hostname="USBLRRAGHVR1" failures="0" tests="1" name="Default test" time="1.373" errors="0" timestamp="2023-01-27T18:25:31 IST">
  <testcase classname="tests.DynamicAddBookApi" name="addBookStaticApi" time="1.339"/>
  <testcase classname="tests.DynamicAddBookApi" name="addBookDynamicAPI" time="0.0">
    <ignored/>
  </testcase> <!-- addBookDynamicAPI -->
</testsuite> <!-- Default test -->
