<?xml version="1.0" encoding="UTF-8"?>
<testng-results ignored="1" total="2" passed="1" failed="0" skipped="0">
  <reporter-output>
  </reporter-output>
  <suite started-at="2023-01-27T18:25:30 IST" name="Default suite" finished-at="2023-01-27T18:25:31 IST" duration-ms="1373">
    <groups>
    </groups>
    <test started-at="2023-01-27T18:25:30 IST" name="Default test" finished-at="2023-01-27T18:25:31 IST" duration-ms="1373">
      <class name="tests.DynamicAddBookApi">
        <test-method signature="addBookStaticApi()[pri:0, instance:tests.DynamicAddBookApi@74751b3]" started-at="2023-01-27T18:25:30 IST" name="addBookStaticApi" finished-at="2023-01-27T18:25:31 IST" duration-ms="1339" status="PASS">
          <reporter-output>
          </reporter-output>
        </test-method> <!-- addBookStaticApi -->
      </class> <!-- tests.DynamicAddBookApi -->
    </test> <!-- Default test -->
  </suite> <!-- Default suite -->
</testng-results>
